[2022-10-17 12:57:39.293] [exthost] [info] Extension host with pid 17573 started
[2022-10-17 12:57:39.740] [exthost] [info] ExtensionService#_doActivateExtension ms-vscode.cpptools, startup: false, activationEvent: 'onLanguage:cpp'
[2022-10-17 12:57:39.741] [exthost] [info] ExtensionService#_doActivateExtension vscode.debug-auto-launch, startup: true, activationEvent: '*'
[2022-10-17 12:57:39.741] [exthost] [info] ExtensionService#_doActivateExtension vscode.git-base, startup: true, activationEvent: '*', root cause: vscode.git
[2022-10-17 12:57:39.741] [exthost] [info] ExtensionService#_doActivateExtension vscode.ipynb, startup: true, activationEvent: '*'
[2022-10-17 12:57:39.741] [exthost] [info] ExtensionService#_doActivateExtension skacekachna.win-opacity, startup: true, activationEvent: '*'
[2022-10-17 12:57:39.896] [exthost] [error] Activating extension skacekachna.win-opacity failed due to an error:
[2022-10-17 12:57:39.896] [exthost] [error] Error: /home/zekvaneren/.vscode-oss/extensions/skacekachna.win-opacity-1.1.5/node_modules/ffi-napi/build/Release/ffi_bindings.node: invalid ELF header
	at process.func [as dlopen] (node:electron/js2c/asar_bundle:5:1812)
	at Module._extensions..node (node:internal/modules/cjs/loader:1203:18)
	at Object.func [as .node] (node:electron/js2c/asar_bundle:5:1812)
	at Module.load (node:internal/modules/cjs/loader:988:32)
	at Module._load (node:internal/modules/cjs/loader:829:12)
	at c._load (node:electron/js2c/asar_bundle:5:13343)
	at r._load (/usr/lib/code-oss/resources/app/out/vs/workbench/api/node/extensionHostProcess.js:116:14565)
	at v._load (/usr/lib/code-oss/resources/app/out/vs/workbench/api/node/extensionHostProcess.js:111:65015)
	at E._load (/usr/lib/code-oss/resources/app/out/vs/workbench/api/node/extensionHostProcess.js:111:64383)
	at Module.require (node:internal/modules/cjs/loader:1012:19)
	at require (node:internal/modules/cjs/helpers:102:18)
	at load (/home/zekvaneren/.vscode-oss/extensions/skacekachna.win-opacity-1.1.5/node_modules/node-gyp-build/index.js:21:10)
	at Object.<anonymous> (/home/zekvaneren/.vscode-oss/extensions/skacekachna.win-opacity-1.1.5/node_modules/ffi-napi/lib/bindings.js:8:43)
	at Module._compile (node:internal/modules/cjs/loader:1118:14)
	at Module._extensions..js (node:internal/modules/cjs/loader:1173:10)
	at Module.load (node:internal/modules/cjs/loader:988:32)
	at Module._load (node:internal/modules/cjs/loader:829:12)
	at c._load (node:electron/js2c/asar_bundle:5:13343)
	at r._load (/usr/lib/code-oss/resources/app/out/vs/workbench/api/node/extensionHostProcess.js:116:14565)
	at v._load (/usr/lib/code-oss/resources/app/out/vs/workbench/api/node/extensionHostProcess.js:111:65015)
	at E._load (/usr/lib/code-oss/resources/app/out/vs/workbench/api/node/extensionHostProcess.js:111:64383)
	at Module.require (node:internal/modules/cjs/loader:1012:19)
	at require (node:internal/modules/cjs/helpers:102:18)
	at Object.<anonymous> (/home/zekvaneren/.vscode-oss/extensions/skacekachna.win-opacity-1.1.5/node_modules/ffi-napi/lib/ffi.js:11:18)
	at Module._compile (node:internal/modules/cjs/loader:1118:14)
	at Module._extensions..js (node:internal/modules/cjs/loader:1173:10)
	at Module.load (node:internal/modules/cjs/loader:988:32)
	at Module._load (node:internal/modules/cjs/loader:829:12)
	at c._load (node:electron/js2c/asar_bundle:5:13343)
	at r._load (/usr/lib/code-oss/resources/app/out/vs/workbench/api/node/extensionHostProcess.js:116:14565)
	at v._load (/usr/lib/code-oss/resources/app/out/vs/workbench/api/node/extensionHostProcess.js:111:65015)
	at E._load (/usr/lib/code-oss/resources/app/out/vs/workbench/api/node/extensionHostProcess.js:111:64383)
	at Module.require (node:internal/modules/cjs/loader:1012:19)
	at require (node:internal/modules/cjs/helpers:102:18)
	at Object.<anonymous> (/home/zekvaneren/.vscode-oss/extensions/skacekachna.win-opacity-1.1.5/src/native.js:9:13)
	at Module._compile (node:internal/modules/cjs/loader:1118:14)
	at Module._extensions..js (node:internal/modules/cjs/loader:1173:10)
	at Module.load (node:internal/modules/cjs/loader:988:32)
	at Module._load (node:internal/modules/cjs/loader:829:12)
	at c._load (node:electron/js2c/asar_bundle:5:13343)
	at r._load (/usr/lib/code-oss/resources/app/out/vs/workbench/api/node/extensionHostProcess.js:116:14565)
	at v._load (/usr/lib/code-oss/resources/app/out/vs/workbench/api/node/extensionHostProcess.js:111:65015)
	at E._load (/usr/lib/code-oss/resources/app/out/vs/workbench/api/node/extensionHostProcess.js:111:64383)
	at Module.require (node:internal/modules/cjs/loader:1012:19)
	at require (node:internal/modules/cjs/helpers:102:18)
	at Object.<anonymous> (/home/zekvaneren/.vscode-oss/extensions/skacekachna.win-opacity-1.1.5/src/extension.js:2:14)
	at Module._compile (node:internal/modules/cjs/loader:1118:14)
	at Module._extensions..js (node:internal/modules/cjs/loader:1173:10)
	at Module.load (node:internal/modules/cjs/loader:988:32)
	at Module._load (node:internal/modules/cjs/loader:829:12)
	at c._load (node:electron/js2c/asar_bundle:5:13343)
	at r._load (/usr/lib/code-oss/resources/app/out/vs/workbench/api/node/extensionHostProcess.js:116:14565)
	at v._load (/usr/lib/code-oss/resources/app/out/vs/workbench/api/node/extensionHostProcess.js:111:65015)
	at E._load (/usr/lib/code-oss/resources/app/out/vs/workbench/api/node/extensionHostProcess.js:111:64383)
	at Module.require (node:internal/modules/cjs/loader:1012:19)
	at require (node:internal/modules/cjs/helpers:102:18)
	at Function.r [as __$__nodeRequire] (/usr/lib/code-oss/resources/app/out/vs/loader.js:5:101)
	at p._loadCommonJSModule (/usr/lib/code-oss/resources/app/out/vs/workbench/api/node/extensionHostProcess.js:111:66574)
	at process.processTicksAndRejections (node:internal/process/task_queues:96:5)
	at async Promise.all (index 0)
[2022-10-17 12:57:40.021] [exthost] [info] ExtensionService#_doActivateExtension vscode.git, startup: true, activationEvent: '*'
[2022-10-17 12:57:40.022] [exthost] [info] ExtensionService#_doActivateExtension vscode.github, startup: true, activationEvent: '*'
[2022-10-17 12:57:40.146] [exthost] [info] Eager extensions activated
[2022-10-17 12:57:40.171] [exthost] [info] ExtensionService#_doActivateExtension vscode.emmet, startup: false, activationEvent: 'onStartupFinished'
[2022-10-17 12:57:40.171] [exthost] [info] ExtensionService#_doActivateExtension vscode.merge-conflict, startup: false, activationEvent: 'onStartupFinished'
[2022-10-17 12:57:40.171] [exthost] [info] ExtensionService#_doActivateExtension PKief.material-icon-theme, startup: false, activationEvent: 'onStartupFinished'
[2022-10-17 12:57:57.039] [exthost] [warning] [Decorations] CAPPING events from decorations provider vscode.git 10000
[2022-10-17 12:57:58.309] [exthost] [warning] [Decorations] CAPPING events from decorations provider vscode.git 10000
[2022-10-17 12:57:59.399] [exthost] [info] Extension host terminating: received terminate message from renderer
[2022-10-17 12:57:59.456] [exthost] [info] Extension host with pid 17573 exiting with code 0
[2022-10-17 12:58:00.808] [exthost] [info] Extension host with pid 18729 started
[2022-10-17 12:58:00.918] [exthost] [info] ExtensionService#_doActivateExtension vscode.debug-auto-launch, startup: true, activationEvent: '*'
[2022-10-17 12:58:00.918] [exthost] [info] ExtensionService#_doActivateExtension vscode.git-base, startup: true, activationEvent: '*'
[2022-10-17 12:58:00.919] [exthost] [info] ExtensionService#_doActivateExtension vscode.ipynb, startup: true, activationEvent: '*'
[2022-10-17 12:58:00.919] [exthost] [info] ExtensionService#_doActivateExtension skacekachna.win-opacity, startup: true, activationEvent: '*'
[2022-10-17 12:58:00.958] [exthost] [error] Activating extension skacekachna.win-opacity failed due to an error:
[2022-10-17 12:58:00.958] [exthost] [error] Error: /home/zekvaneren/.vscode-oss/extensions/skacekachna.win-opacity-1.1.5/node_modules/ffi-napi/build/Release/ffi_bindings.node: invalid ELF header
	at process.func [as dlopen] (node:electron/js2c/asar_bundle:5:1812)
	at Module._extensions..node (node:internal/modules/cjs/loader:1203:18)
	at Object.func [as .node] (node:electron/js2c/asar_bundle:5:1812)
	at Module.load (node:internal/modules/cjs/loader:988:32)
	at Module._load (node:internal/modules/cjs/loader:829:12)
	at c._load (node:electron/js2c/asar_bundle:5:13343)
	at r._load (/usr/lib/code-oss/resources/app/out/vs/workbench/api/node/extensionHostProcess.js:116:14565)
	at v._load (/usr/lib/code-oss/resources/app/out/vs/workbench/api/node/extensionHostProcess.js:111:65015)
	at E._load (/usr/lib/code-oss/resources/app/out/vs/workbench/api/node/extensionHostProcess.js:111:64383)
	at Module.require (node:internal/modules/cjs/loader:1012:19)
	at require (node:internal/modules/cjs/helpers:102:18)
	at load (/home/zekvaneren/.vscode-oss/extensions/skacekachna.win-opacity-1.1.5/node_modules/node-gyp-build/index.js:21:10)
	at Object.<anonymous> (/home/zekvaneren/.vscode-oss/extensions/skacekachna.win-opacity-1.1.5/node_modules/ffi-napi/lib/bindings.js:8:43)
	at Module._compile (node:internal/modules/cjs/loader:1118:14)
	at Module._extensions..js (node:internal/modules/cjs/loader:1173:10)
	at Module.load (node:internal/modules/cjs/loader:988:32)
	at Module._load (node:internal/modules/cjs/loader:829:12)
	at c._load (node:electron/js2c/asar_bundle:5:13343)
	at r._load (/usr/lib/code-oss/resources/app/out/vs/workbench/api/node/extensionHostProcess.js:116:14565)
	at v._load (/usr/lib/code-oss/resources/app/out/vs/workbench/api/node/extensionHostProcess.js:111:65015)
	at E._load (/usr/lib/code-oss/resources/app/out/vs/workbench/api/node/extensionHostProcess.js:111:64383)
	at Module.require (node:internal/modules/cjs/loader:1012:19)
	at require (node:internal/modules/cjs/helpers:102:18)
	at Object.<anonymous> (/home/zekvaneren/.vscode-oss/extensions/skacekachna.win-opacity-1.1.5/node_modules/ffi-napi/lib/ffi.js:11:18)
	at Module._compile (node:internal/modules/cjs/loader:1118:14)
	at Module._extensions..js (node:internal/modules/cjs/loader:1173:10)
	at Module.load (node:internal/modules/cjs/loader:988:32)
	at Module._load (node:internal/modules/cjs/loader:829:12)
	at c._load (node:electron/js2c/asar_bundle:5:13343)
	at r._load (/usr/lib/code-oss/resources/app/out/vs/workbench/api/node/extensionHostProcess.js:116:14565)
	at v._load (/usr/lib/code-oss/resources/app/out/vs/workbench/api/node/extensionHostProcess.js:111:65015)
	at E._load (/usr/lib/code-oss/resources/app/out/vs/workbench/api/node/extensionHostProcess.js:111:64383)
	at Module.require (node:internal/modules/cjs/loader:1012:19)
	at require (node:internal/modules/cjs/helpers:102:18)
	at Object.<anonymous> (/home/zekvaneren/.vscode-oss/extensions/skacekachna.win-opacity-1.1.5/src/native.js:9:13)
	at Module._compile (node:internal/modules/cjs/loader:1118:14)
	at Module._extensions..js (node:internal/modules/cjs/loader:1173:10)
	at Module.load (node:internal/modules/cjs/loader:988:32)
	at Module._load (node:internal/modules/cjs/loader:829:12)
	at c._load (node:electron/js2c/asar_bundle:5:13343)
	at r._load (/usr/lib/code-oss/resources/app/out/vs/workbench/api/node/extensionHostProcess.js:116:14565)
	at v._load (/usr/lib/code-oss/resources/app/out/vs/workbench/api/node/extensionHostProcess.js:111:65015)
	at E._load (/usr/lib/code-oss/resources/app/out/vs/workbench/api/node/extensionHostProcess.js:111:64383)
	at Module.require (node:internal/modules/cjs/loader:1012:19)
	at require (node:internal/modules/cjs/helpers:102:18)
	at Object.<anonymous> (/home/zekvaneren/.vscode-oss/extensions/skacekachna.win-opacity-1.1.5/src/extension.js:2:14)
	at Module._compile (node:internal/modules/cjs/loader:1118:14)
	at Module._extensions..js (node:internal/modules/cjs/loader:1173:10)
	at Module.load (node:internal/modules/cjs/loader:988:32)
	at Module._load (node:internal/modules/cjs/loader:829:12)
	at c._load (node:electron/js2c/asar_bundle:5:13343)
	at r._load (/usr/lib/code-oss/resources/app/out/vs/workbench/api/node/extensionHostProcess.js:116:14565)
	at v._load (/usr/lib/code-oss/resources/app/out/vs/workbench/api/node/extensionHostProcess.js:111:65015)
	at E._load (/usr/lib/code-oss/resources/app/out/vs/workbench/api/node/extensionHostProcess.js:111:64383)
	at Module.require (node:internal/modules/cjs/loader:1012:19)
	at require (node:internal/modules/cjs/helpers:102:18)
	at Function.r [as __$__nodeRequire] (/usr/lib/code-oss/resources/app/out/vs/loader.js:5:101)
	at p._loadCommonJSModule (/usr/lib/code-oss/resources/app/out/vs/workbench/api/node/extensionHostProcess.js:111:66574)
	at process.processTicksAndRejections (node:internal/process/task_queues:96:5)
	at async Promise.all (index 0)
[2022-10-17 12:58:01.020] [exthost] [info] ExtensionService#_doActivateExtension vscode.github, startup: true, activationEvent: '*'
[2022-10-17 12:58:01.065] [exthost] [info] Eager extensions activated
[2022-10-17 12:58:01.068] [exthost] [info] ExtensionService#_doActivateExtension vscode.emmet, startup: false, activationEvent: 'onStartupFinished'
[2022-10-17 12:58:01.068] [exthost] [info] ExtensionService#_doActivateExtension vscode.merge-conflict, startup: false, activationEvent: 'onStartupFinished'
[2022-10-17 12:58:01.068] [exthost] [info] ExtensionService#_doActivateExtension PKief.material-icon-theme, startup: false, activationEvent: 'onStartupFinished'
[2022-10-17 12:58:18.306] [exthost] [info] Extension host terminating: received terminate message from renderer
[2022-10-17 12:58:18.309] [exthost] [info] Extension host with pid 18729 exiting with code 0
[2022-10-17 12:58:19.898] [exthost] [info] Extension host with pid 19633 started
[2022-10-17 12:58:19.898] [exthost] [info] Skipping acquiring lock for /home/zekvaneren/.config/Code - OSS/User/workspaceStorage/a31c3c44fe20e60b5449bb8922b9177b.
[2022-10-17 12:58:19.963] [exthost] [info] ExtensionService#_doActivateExtension vscode.debug-auto-launch, startup: true, activationEvent: '*'
[2022-10-17 12:58:19.964] [exthost] [info] ExtensionService#_doActivateExtension vscode.git-base, startup: true, activationEvent: '*'
[2022-10-17 12:58:19.964] [exthost] [info] ExtensionService#_doActivateExtension vscode.ipynb, startup: true, activationEvent: '*'
[2022-10-17 12:58:19.964] [exthost] [info] ExtensionService#_doActivateExtension skacekachna.win-opacity, startup: true, activationEvent: '*'
[2022-10-17 12:58:19.992] [exthost] [error] Activating extension skacekachna.win-opacity failed due to an error:
[2022-10-17 12:58:19.992] [exthost] [error] Error: /home/zekvaneren/.vscode-oss/extensions/skacekachna.win-opacity-1.1.5/node_modules/ffi-napi/build/Release/ffi_bindings.node: invalid ELF header
	at process.func [as dlopen] (node:electron/js2c/asar_bundle:5:1812)
	at Module._extensions..node (node:internal/modules/cjs/loader:1203:18)
	at Object.func [as .node] (node:electron/js2c/asar_bundle:5:1812)
	at Module.load (node:internal/modules/cjs/loader:988:32)
	at Module._load (node:internal/modules/cjs/loader:829:12)
	at c._load (node:electron/js2c/asar_bundle:5:13343)
	at r._load (/usr/lib/code-oss/resources/app/out/vs/workbench/api/node/extensionHostProcess.js:116:14565)
	at v._load (/usr/lib/code-oss/resources/app/out/vs/workbench/api/node/extensionHostProcess.js:111:65015)
	at E._load (/usr/lib/code-oss/resources/app/out/vs/workbench/api/node/extensionHostProcess.js:111:64383)
	at Module.require (node:internal/modules/cjs/loader:1012:19)
	at require (node:internal/modules/cjs/helpers:102:18)
	at load (/home/zekvaneren/.vscode-oss/extensions/skacekachna.win-opacity-1.1.5/node_modules/node-gyp-build/index.js:21:10)
	at Object.<anonymous> (/home/zekvaneren/.vscode-oss/extensions/skacekachna.win-opacity-1.1.5/node_modules/ffi-napi/lib/bindings.js:8:43)
	at Module._compile (node:internal/modules/cjs/loader:1118:14)
	at Module._extensions..js (node:internal/modules/cjs/loader:1173:10)
	at Module.load (node:internal/modules/cjs/loader:988:32)
	at Module._load (node:internal/modules/cjs/loader:829:12)
	at c._load (node:electron/js2c/asar_bundle:5:13343)
	at r._load (/usr/lib/code-oss/resources/app/out/vs/workbench/api/node/extensionHostProcess.js:116:14565)
	at v._load (/usr/lib/code-oss/resources/app/out/vs/workbench/api/node/extensionHostProcess.js:111:65015)
	at E._load (/usr/lib/code-oss/resources/app/out/vs/workbench/api/node/extensionHostProcess.js:111:64383)
	at Module.require (node:internal/modules/cjs/loader:1012:19)
	at require (node:internal/modules/cjs/helpers:102:18)
	at Object.<anonymous> (/home/zekvaneren/.vscode-oss/extensions/skacekachna.win-opacity-1.1.5/node_modules/ffi-napi/lib/ffi.js:11:18)
	at Module._compile (node:internal/modules/cjs/loader:1118:14)
	at Module._extensions..js (node:internal/modules/cjs/loader:1173:10)
	at Module.load (node:internal/modules/cjs/loader:988:32)
	at Module._load (node:internal/modules/cjs/loader:829:12)
	at c._load (node:electron/js2c/asar_bundle:5:13343)
	at r._load (/usr/lib/code-oss/resources/app/out/vs/workbench/api/node/extensionHostProcess.js:116:14565)
	at v._load (/usr/lib/code-oss/resources/app/out/vs/workbench/api/node/extensionHostProcess.js:111:65015)
	at E._load (/usr/lib/code-oss/resources/app/out/vs/workbench/api/node/extensionHostProcess.js:111:64383)
	at Module.require (node:internal/modules/cjs/loader:1012:19)
	at require (node:internal/modules/cjs/helpers:102:18)
	at Object.<anonymous> (/home/zekvaneren/.vscode-oss/extensions/skacekachna.win-opacity-1.1.5/src/native.js:9:13)
	at Module._compile (node:internal/modules/cjs/loader:1118:14)
	at Module._extensions..js (node:internal/modules/cjs/loader:1173:10)
	at Module.load (node:internal/modules/cjs/loader:988:32)
	at Module._load (node:internal/modules/cjs/loader:829:12)
	at c._load (node:electron/js2c/asar_bundle:5:13343)
	at r._load (/usr/lib/code-oss/resources/app/out/vs/workbench/api/node/extensionHostProcess.js:116:14565)
	at v._load (/usr/lib/code-oss/resources/app/out/vs/workbench/api/node/extensionHostProcess.js:111:65015)
	at E._load (/usr/lib/code-oss/resources/app/out/vs/workbench/api/node/extensionHostProcess.js:111:64383)
	at Module.require (node:internal/modules/cjs/loader:1012:19)
	at require (node:internal/modules/cjs/helpers:102:18)
	at Object.<anonymous> (/home/zekvaneren/.vscode-oss/extensions/skacekachna.win-opacity-1.1.5/src/extension.js:2:14)
	at Module._compile (node:internal/modules/cjs/loader:1118:14)
	at Module._extensions..js (node:internal/modules/cjs/loader:1173:10)
	at Module.load (node:internal/modules/cjs/loader:988:32)
	at Module._load (node:internal/modules/cjs/loader:829:12)
	at c._load (node:electron/js2c/asar_bundle:5:13343)
	at r._load (/usr/lib/code-oss/resources/app/out/vs/workbench/api/node/extensionHostProcess.js:116:14565)
	at v._load (/usr/lib/code-oss/resources/app/out/vs/workbench/api/node/extensionHostProcess.js:111:65015)
	at E._load (/usr/lib/code-oss/resources/app/out/vs/workbench/api/node/extensionHostProcess.js:111:64383)
	at Module.require (node:internal/modules/cjs/loader:1012:19)
	at require (node:internal/modules/cjs/helpers:102:18)
	at Function.r [as __$__nodeRequire] (/usr/lib/code-oss/resources/app/out/vs/loader.js:5:101)
	at p._loadCommonJSModule (/usr/lib/code-oss/resources/app/out/vs/workbench/api/node/extensionHostProcess.js:111:66574)
	at process.processTicksAndRejections (node:internal/process/task_queues:96:5)
	at async Promise.all (index 0)
[2022-10-17 12:58:20.023] [exthost] [info] ExtensionService#_doActivateExtension vscode.github, startup: true, activationEvent: '*'
[2022-10-17 12:58:20.109] [exthost] [info] Eager extensions activated
[2022-10-17 12:58:20.172] [exthost] [info] ExtensionService#_doActivateExtension vscode.emmet, startup: false, activationEvent: 'onStartupFinished'
[2022-10-17 12:58:20.172] [exthost] [info] ExtensionService#_doActivateExtension vscode.merge-conflict, startup: false, activationEvent: 'onStartupFinished'
[2022-10-17 12:58:20.172] [exthost] [info] ExtensionService#_doActivateExtension PKief.material-icon-theme, startup: false, activationEvent: 'onStartupFinished'
[2022-10-17 12:58:53.436] [exthost] [info] ExtensionService#_doActivateExtension ms-vscode.cpptools, startup: false, activationEvent: 'onLanguage:cpp'
[2022-10-17 12:59:03.840] [exthost] [info] ExtensionService#_doActivateExtension vscode.debug-server-ready, startup: false, activationEvent: 'onDebugResolve'
[2022-10-17 13:40:22.828] [exthost] [info] Extension host terminating: received terminate message from renderer
[2022-10-17 13:40:22.869] [exthost] [info] Extension host with pid 19633 exiting with code 0
