{"level":40,"time":"2022-09-20T08:31:56.018Z","pid":19524,"hostname":"void","msg":"Problem loading messages for locale en-US"}
{"level":40,"time":"2022-09-20T08:31:56.019Z","pid":19524,"hostname":"void","msg":"Falling back to parent language: 'en'"}
{"level":30,"time":"2022-09-20T08:31:56.026Z","pid":19524,"hostname":"void","msg":"key/initialize: Generating new encryption key, since we did not find it on disk"}
{"level":30,"time":"2022-09-20T08:31:56.027Z","pid":19524,"hostname":"void","msg":"config/set: Saving user config to disk"}
{"level":30,"time":"2022-09-20T08:31:56.027Z","pid":19524,"hostname":"void","msg":"config/set: Saved user config to disk"}
{"level":30,"time":"2022-09-20T08:31:56.036Z","pid":19524,"hostname":"void","msg":"app ready"}
{"level":30,"time":"2022-09-20T08:31:56.037Z","pid":19524,"hostname":"void","msg":"starting version 5.59.0"}
{"level":30,"time":"2022-09-20T08:31:56.037Z","pid":19524,"hostname":"void","msg":"media access status [object Undefined] [object Undefined]"}
{"level":30,"time":"2022-09-20T08:31:56.053Z","pid":19524,"hostname":"void","msg":"MainSQL: migrateSchemaVersion: Migrating from schema_version 0 to user_version 0"}
{"level":30,"time":"2022-09-20T08:31:56.067Z","pid":19524,"hostname":"void","msg":"MainSQL: updateSchema:\n  Current user_version: 0;\n  Most recent db schema: 66;\n  SQLite version: 3.37.2;\n  SQLCipher version: 4.5.1 community;\n  (deprecated) schema_version: 0;\n"}
{"level":30,"time":"2022-09-20T08:31:56.067Z","pid":19524,"hostname":"void","msg":"MainSQL: updateToSchemaVersion1: starting..."}
{"level":30,"time":"2022-09-20T08:31:56.072Z","pid":19524,"hostname":"void","msg":"MainSQL: updateToSchemaVersion1: success!"}
{"level":30,"time":"2022-09-20T08:31:56.072Z","pid":19524,"hostname":"void","msg":"MainSQL: updateToSchemaVersion2: starting..."}
{"level":30,"time":"2022-09-20T08:31:56.077Z","pid":19524,"hostname":"void","msg":"MainSQL: updateToSchemaVersion2: success!"}
{"level":30,"time":"2022-09-20T08:31:56.077Z","pid":19524,"hostname":"void","msg":"MainSQL: updateToSchemaVersion3: starting..."}
{"level":30,"time":"2022-09-20T08:31:56.082Z","pid":19524,"hostname":"void","msg":"MainSQL: updateToSchemaVersion3: success!"}
{"level":30,"time":"2022-09-20T08:31:56.082Z","pid":19524,"hostname":"void","msg":"MainSQL: updateToSchemaVersion4: starting..."}
{"level":30,"time":"2022-09-20T08:31:56.087Z","pid":19524,"hostname":"void","msg":"MainSQL: updateToSchemaVersion4: success!"}
{"level":30,"time":"2022-09-20T08:31:56.087Z","pid":19524,"hostname":"void","msg":"MainSQL: updateToSchemaVersion6: starting..."}
{"level":30,"time":"2022-09-20T08:31:56.092Z","pid":19524,"hostname":"void","msg":"MainSQL: updateToSchemaVersion6: success!"}
{"level":30,"time":"2022-09-20T08:31:56.092Z","pid":19524,"hostname":"void","msg":"MainSQL: updateToSchemaVersion7: starting..."}
{"level":30,"time":"2022-09-20T08:31:56.098Z","pid":19524,"hostname":"void","msg":"MainSQL: updateToSchemaVersion7: success!"}
{"level":30,"time":"2022-09-20T08:31:56.098Z","pid":19524,"hostname":"void","msg":"MainSQL: updateToSchemaVersion8: starting..."}
{"level":30,"time":"2022-09-20T08:31:56.103Z","pid":19524,"hostname":"void","msg":"MainSQL: updateToSchemaVersion8: success!"}
{"level":30,"time":"2022-09-20T08:31:56.104Z","pid":19524,"hostname":"void","msg":"MainSQL: updateToSchemaVersion9: starting..."}
{"level":30,"time":"2022-09-20T08:31:56.107Z","pid":19524,"hostname":"void","msg":"MainSQL: updateToSchemaVersion9: success!"}
{"level":30,"time":"2022-09-20T08:31:56.107Z","pid":19524,"hostname":"void","msg":"MainSQL: updateToSchemaVersion10: starting..."}
{"level":30,"time":"2022-09-20T08:31:56.111Z","pid":19524,"hostname":"void","msg":"MainSQL: updateToSchemaVersion10: success!"}
{"level":30,"time":"2022-09-20T08:31:56.111Z","pid":19524,"hostname":"void","msg":"MainSQL: updateToSchemaVersion11: starting..."}
{"level":30,"time":"2022-09-20T08:31:56.163Z","pid":19524,"hostname":"void","msg":"MainSQL: updateToSchemaVersion11: success!"}
{"level":30,"time":"2022-09-20T08:31:56.163Z","pid":19524,"hostname":"void","msg":"MainSQL: updateToSchemaVersion12: starting..."}
{"level":30,"time":"2022-09-20T08:31:58.523Z","pid":19524,"hostname":"void","msg":"MainSQL: updateToSchemaVersion12: success!"}
{"level":30,"time":"2022-09-20T08:31:58.523Z","pid":19524,"hostname":"void","msg":"MainSQL: updateToSchemaVersion13: starting..."}
{"level":30,"time":"2022-09-20T08:31:59.037Z","pid":19524,"hostname":"void","msg":"sql.initialize is taking more than three seconds; showing loading dialog"}
{"level":30,"time":"2022-09-20T08:31:59.893Z","pid":19524,"hostname":"void","msg":"MainSQL: updateToSchemaVersion13: success!"}
{"level":30,"time":"2022-09-20T08:31:59.893Z","pid":19524,"hostname":"void","msg":"MainSQL: updateToSchemaVersion14: starting..."}
{"level":30,"time":"2022-09-20T08:31:59.901Z","pid":19524,"hostname":"void","msg":"MainSQL: updateToSchemaVersion14: success!"}
{"level":30,"time":"2022-09-20T08:31:59.901Z","pid":19524,"hostname":"void","msg":"MainSQL: updateToSchemaVersion15: starting..."}
{"level":30,"time":"2022-09-20T08:31:59.908Z","pid":19524,"hostname":"void","msg":"MainSQL: updateToSchemaVersion15: success!"}
{"level":30,"time":"2022-09-20T08:31:59.909Z","pid":19524,"hostname":"void","msg":"MainSQL: updateToSchemaVersion16: starting..."}
{"level":30,"time":"2022-09-20T08:31:59.918Z","pid":19524,"hostname":"void","msg":"MainSQL: updateToSchemaVersion16: success!"}
{"level":30,"time":"2022-09-20T08:31:59.919Z","pid":19524,"hostname":"void","msg":"MainSQL: updateToSchemaVersion17: starting..."}
{"level":30,"time":"2022-09-20T08:31:59.919Z","pid":19524,"hostname":"void","msg":"MainSQL: updateToSchemaVersion17: Index messages_view_once did not already exist"}
{"level":30,"time":"2022-09-20T08:31:59.926Z","pid":19524,"hostname":"void","msg":"MainSQL: updateToSchemaVersion17: success!"}
{"level":30,"time":"2022-09-20T08:31:59.926Z","pid":19524,"hostname":"void","msg":"MainSQL: updateToSchemaVersion18: starting..."}
{"level":30,"time":"2022-09-20T08:31:59.931Z","pid":19524,"hostname":"void","msg":"MainSQL: updateToSchemaVersion18: success!"}
{"level":30,"time":"2022-09-20T08:31:59.931Z","pid":19524,"hostname":"void","msg":"MainSQL: updateToSchemaVersion19: starting..."}
{"level":30,"time":"2022-09-20T08:31:59.944Z","pid":19524,"hostname":"void","msg":"MainSQL: updateToSchemaVersion19: success!"}
{"level":30,"time":"2022-09-20T08:31:59.944Z","pid":19524,"hostname":"void","msg":"MainSQL: updateToSchemaVersion20: starting..."}
{"level":30,"time":"2022-09-20T08:31:59.954Z","pid":19524,"hostname":"void","msg":"MainSQL: updateToSchemaVersion20: success!"}
{"level":30,"time":"2022-09-20T08:31:59.961Z","pid":19524,"hostname":"void","msg":"MainSQL: updateToSchemaVersion21: success!"}
{"level":30,"time":"2022-09-20T08:31:59.968Z","pid":19524,"hostname":"void","msg":"MainSQL: updateToSchemaVersion22: success!"}
{"level":30,"time":"2022-09-20T08:31:59.977Z","pid":19524,"hostname":"void","msg":"MainSQL: updateToSchemaVersion23: success!"}
{"level":30,"time":"2022-09-20T08:31:59.984Z","pid":19524,"hostname":"void","msg":"MainSQL: updateToSchemaVersion24: success!"}
{"level":30,"time":"2022-09-20T08:31:59.992Z","pid":19524,"hostname":"void","msg":"MainSQL: updateToSchemaVersion25: success!"}
{"level":30,"time":"2022-09-20T08:32:00.000Z","pid":19524,"hostname":"void","msg":"MainSQL: updateToSchemaVersion26: success!"}
{"level":30,"time":"2022-09-20T08:32:00.006Z","pid":19524,"hostname":"void","msg":"MainSQL: updateToSchemaVersion27: success!"}
{"level":30,"time":"2022-09-20T08:32:00.013Z","pid":19524,"hostname":"void","msg":"MainSQL: updateToSchemaVersion28: success!"}
{"level":30,"time":"2022-09-20T08:32:00.018Z","pid":19524,"hostname":"void","msg":"MainSQL: updateToSchemaVersion29: success!"}
{"level":30,"time":"2022-09-20T08:32:00.027Z","pid":19524,"hostname":"void","msg":"MainSQL: updateToSchemaVersion30: success!"}
{"level":30,"time":"2022-09-20T08:32:00.027Z","pid":19524,"hostname":"void","msg":"MainSQL: updateToSchemaVersion31: starting..."}
{"level":30,"time":"2022-09-20T08:32:00.034Z","pid":19524,"hostname":"void","msg":"MainSQL: updateToSchemaVersion31: success!"}
{"level":30,"time":"2022-09-20T08:32:00.043Z","pid":19524,"hostname":"void","msg":"MainSQL: updateToSchemaVersion32: success!"}
{"level":30,"time":"2022-09-20T08:32:00.050Z","pid":19524,"hostname":"void","msg":"MainSQL: updateToSchemaVersion33: success!"}
{"level":30,"time":"2022-09-20T08:32:00.062Z","pid":19524,"hostname":"void","msg":"MainSQL: updateToSchemaVersion34: success!"}
{"level":30,"time":"2022-09-20T08:32:00.069Z","pid":19524,"hostname":"void","msg":"MainSQL: updateToSchemaVersion35: success!"}
{"level":30,"time":"2022-09-20T08:32:00.075Z","pid":19524,"hostname":"void","msg":"MainSQL: updateToSchemaVersion36: success!"}
{"level":30,"time":"2022-09-20T08:32:00.084Z","pid":19524,"hostname":"void","msg":"MainSQL: updateToSchemaVersion37: success!"}
{"level":30,"time":"2022-09-20T08:32:00.094Z","pid":19524,"hostname":"void","msg":"MainSQL: updateToSchemaVersion38: success!"}
{"level":30,"time":"2022-09-20T08:32:00.101Z","pid":19524,"hostname":"void","msg":"MainSQL: updateToSchemaVersion39: success!"}
{"level":30,"time":"2022-09-20T08:32:00.108Z","pid":19524,"hostname":"void","msg":"MainSQL: updateToSchemaVersion40: success!"}
{"level":30,"time":"2022-09-20T08:32:00.121Z","pid":19524,"hostname":"void","msg":"MainSQL: updateToSchemaVersion41: success!"}
{"level":30,"time":"2022-09-20T08:32:00.128Z","pid":19524,"hostname":"void","msg":"MainSQL: updateToSchemaVersion42: success!"}
{"level":30,"time":"2022-09-20T08:32:00.128Z","pid":19524,"hostname":"void","msg":"MainSQL: updateToSchemaVersion43: About to iterate through 0 conversations"}
{"level":30,"time":"2022-09-20T08:32:00.128Z","pid":19524,"hostname":"void","msg":"MainSQL: updateToSchemaVersion43: About to iterate through 0 messages"}
{"level":30,"time":"2022-09-20T08:32:00.128Z","pid":19524,"hostname":"void","msg":"MainSQL: updateToSchemaVersion43: Updated 0 messages"}
{"level":30,"time":"2022-09-20T08:32:00.133Z","pid":19524,"hostname":"void","msg":"MainSQL: updateToSchemaVersion43: success!"}
{"level":30,"time":"2022-09-20T08:32:00.142Z","pid":19524,"hostname":"void","msg":"MainSQL: updateToSchemaVersion44: success!"}
{"level":30,"time":"2022-09-20T08:32:00.151Z","pid":19524,"hostname":"void","msg":"MainSQL: updateToSchemaVersion45: success!"}
{"level":30,"time":"2022-09-20T08:32:00.158Z","pid":19524,"hostname":"void","msg":"MainSQL: updateToSchemaVersion46: success!"}
{"level":40,"time":"2022-09-20T08:32:00.163Z","pid":19524,"hostname":"void","msg":"MainSQL: updateToSchemaVersion47: our UUID not found"}
{"level":30,"time":"2022-09-20T08:32:00.170Z","pid":19524,"hostname":"void","msg":"MainSQL: updateToSchemaVersion47: success!"}
{"level":30,"time":"2022-09-20T08:32:00.177Z","pid":19524,"hostname":"void","msg":"MainSQL: updateToSchemaVersion48: success!"}
{"level":30,"time":"2022-09-20T08:32:00.185Z","pid":19524,"hostname":"void","msg":"MainSQL: updateToSchemaVersion49: success!"}
{"level":30,"time":"2022-09-20T08:32:00.190Z","pid":19524,"hostname":"void","msg":"MainSQL: updateToSchemaVersion50: success!"}
{"level":30,"time":"2022-09-20T08:32:00.200Z","pid":19524,"hostname":"void","msg":"MainSQL: updateToSchemaVersion51: success!"}
{"level":30,"time":"2022-09-20T08:32:00.206Z","pid":19524,"hostname":"void","msg":"MainSQL: updateToSchemaVersion52: success!"}
{"level":30,"time":"2022-09-20T08:32:00.206Z","pid":19524,"hostname":"void","msg":"MainSQL: updateToSchemaVersion53: About to iterate through 0 conversations"}
{"level":30,"time":"2022-09-20T08:32:00.207Z","pid":19524,"hostname":"void","msg":"MainSQL: updateToSchemaVersion53: Updated 0 conversations"}
{"level":30,"time":"2022-09-20T08:32:00.212Z","pid":19524,"hostname":"void","msg":"MainSQL: updateToSchemaVersion53: success!"}
{"level":30,"time":"2022-09-20T08:32:00.219Z","pid":19524,"hostname":"void","msg":"MainSQL: updateToSchemaVersion54: success!"}
{"level":30,"time":"2022-09-20T08:32:00.227Z","pid":19524,"hostname":"void","msg":"MainSQL: updateToSchemaVersion55: success!"}
{"level":30,"time":"2022-09-20T08:32:00.237Z","pid":19524,"hostname":"void","msg":"MainSQL: updateToSchemaVersion56: success!"}
{"level":30,"time":"2022-09-20T08:32:00.246Z","pid":19524,"hostname":"void","msg":"MainSQL: updateToSchemaVersion57: success!"}
{"level":30,"time":"2022-09-20T08:32:00.252Z","pid":19524,"hostname":"void","msg":"MainSQL: updateToSchemaVersion58: success!"}
{"level":30,"time":"2022-09-20T08:32:00.259Z","pid":19524,"hostname":"void","msg":"MainSQL: updateToSchemaVersion59: success!"}
{"level":30,"time":"2022-09-20T08:32:00.266Z","pid":19524,"hostname":"void","msg":"MainSQL: updateToSchemaVersion60: success!"}
{"level":30,"time":"2022-09-20T08:32:00.281Z","pid":19524,"hostname":"void","msg":"MainSQL: updateToSchemaVersion61: success!"}
{"level":30,"time":"2022-09-20T08:32:00.290Z","pid":19524,"hostname":"void","msg":"MainSQL: updateToSchemaVersion62: success!"}
{"level":30,"time":"2022-09-20T08:32:00.297Z","pid":19524,"hostname":"void","msg":"MainSQL: updateToSchemaVersion63: success!"}
{"level":30,"time":"2022-09-20T08:32:00.305Z","pid":19524,"hostname":"void","msg":"MainSQL: updateToSchemaVersion64: success!"}
{"level":30,"time":"2022-09-20T08:32:00.319Z","pid":19524,"hostname":"void","msg":"MainSQL: updateToSchemaVersion65: success!"}
{"level":30,"time":"2022-09-20T08:32:00.327Z","pid":19524,"hostname":"void","msg":"MainSQL: updateToSchemaVersion66: success!"}
{"level":30,"time":"2022-09-20T08:32:00.327Z","pid":19524,"hostname":"void","msg":"config/set: Saving ephemeral config to disk"}
{"level":30,"time":"2022-09-20T08:32:00.328Z","pid":19524,"hostname":"void","msg":"config/set: Saved ephemeral config to disk"}
{"level":30,"time":"2022-09-20T08:32:00.328Z","pid":19524,"hostname":"void","msg":"got slow theme-setting value system"}
{"level":30,"time":"2022-09-20T08:32:00.328Z","pid":19524,"hostname":"void","msg":"config/set: Saving ephemeral config to disk"}
{"level":30,"time":"2022-09-20T08:32:00.328Z","pid":19524,"hostname":"void","msg":"config/set: Saved ephemeral config to disk"}
{"level":30,"time":"2022-09-20T08:32:00.328Z","pid":19524,"hostname":"void","msg":"got slow theme-setting value system"}
{"level":30,"time":"2022-09-20T08:32:00.336Z","pid":19524,"hostname":"void","msg":"config/set: Saving ephemeral config to disk"}
{"level":30,"time":"2022-09-20T08:32:00.336Z","pid":19524,"hostname":"void","msg":"config/set: Saved ephemeral config to disk"}
{"level":30,"time":"2022-09-20T08:32:00.336Z","pid":19524,"hostname":"void","msg":"got slow spellcheck setting true"}
{"level":30,"time":"2022-09-20T08:32:00.337Z","pid":19524,"hostname":"void","msg":"getSystemTraySetting had no flags and did no DB lookups. Returning DoNotUseSystemTray"}
{"level":50,"time":"2022-09-20T08:32:00.337Z","pid":19524,"hostname":"void","msg":"visibleOnAnyScreen: windowOptions didn't have valid bounds fields"}
{"level":30,"time":"2022-09-20T08:32:00.337Z","pid":19524,"hostname":"void","msg":"Location reset needed"}
{"level":30,"time":"2022-09-20T08:32:00.337Z","pid":19524,"hostname":"void","msg":"Initializing BrowserWindow config: {\"show\":false,\"width\":800,\"height\":610,\"minWidth\":712,\"minHeight\":550,\"autoHideMenuBar\":false,\"titleBarStyle\":\"default\",\"titleBarOverlay\":false,\"backgroundColor\":\"#121212\",\"webPreferences\":{\"devTools\":false,\"spellcheck\":true,\"nodeIntegration\":false,\"nodeIntegrationInWorker\":false,\"sandbox\":false,\"contextIsolation\":false,\"preload\":\"[REDACTED]/preload.bundle.js\",\"backgroundThrottling\":false,\"enablePreferredSizeMode\":true,\"disableBlinkFeatures\":\"Accelerated2dCanvas,AcceleratedSmallCanvases\"},\"icon\":\"[REDACTED]/images/signal-logo-desktop-linux.png\"}"}
{"level":30,"time":"2022-09-20T08:32:00.349Z","pid":19524,"hostname":"void","msg":"spellcheck: user locale: en-US"}
{"level":30,"time":"2022-09-20T08:32:00.349Z","pid":19524,"hostname":"void","msg":"spellcheck: available spellchecker languages:  [\"af\",\"bg\",\"ca\",\"cs\",\"cy\",\"da\",\"de\",\"de-DE\",\"el\",\"en\",\"en-AU\",\"en-CA\",\"en-GB\",\"en-GB-oxendict\",\"en-US\",\"es\",\"es-419\",\"es-AR\",\"es-ES\",\"es-MX\",\"es-US\",\"et\",\"fa\",\"fo\",\"fr\",\"fr-FR\",\"he\",\"hi\",\"hr\",\"hu\",\"hy\",\"id\",\"it\",\"it-IT\",\"ko\",\"lt\",\"lv\",\"nb\",\"nl\",\"pl\",\"pt\",\"pt-BR\",\"pt-PT\",\"ro\",\"ru\",\"sh\",\"sk\",\"sl\",\"sq\",\"sr\",\"sv\",\"ta\",\"tg\",\"tr\",\"uk\",\"vi\"]"}
{"level":30,"time":"2022-09-20T08:32:00.349Z","pid":19524,"hostname":"void","msg":"spellcheck: setting languages to:  [\"en-US\"]"}
{"level":30,"time":"2022-09-20T08:32:00.350Z","pid":19524,"hostname":"void","msg":"got fast theme-setting value system"}
{"level":30,"time":"2022-09-20T08:32:00.356Z","pid":19524,"hostname":"void","msg":"got fast spellcheck setting true"}
{"level":30,"time":"2022-09-20T08:32:00.365Z","pid":19524,"hostname":"void","msg":"System tray service: created"}
{"level":30,"time":"2022-09-20T08:32:00.365Z","pid":19524,"hostname":"void","msg":"System tray service: updating main window. Previously, there was not a window, and now there is"}
{"level":30,"time":"2022-09-20T08:32:00.365Z","pid":19524,"hostname":"void","msg":"System tray service: rendering no tray"}
{"level":30,"time":"2022-09-20T08:32:00.366Z","pid":19524,"hostname":"void","msg":"Begin ensuring permissions"}
{"level":30,"time":"2022-09-20T08:32:00.372Z","pid":19524,"hostname":"void","msg":"Ensuring file permissions for 4 files"}
{"level":30,"time":"2022-09-20T08:32:00.373Z","pid":19524,"hostname":"void","msg":"Finish ensuring permissions in 7ms"}
{"level":30,"time":"2022-09-20T08:32:01.320Z","pid":19524,"hostname":"void","msg":"main window is ready-to-show"}
{"level":30,"time":"2022-09-20T08:32:01.320Z","pid":19524,"hostname":"void","msg":"showing main window"}
{"level":30,"time":"2022-09-20T08:32:01.321Z","pid":19524,"hostname":"void","msg":"System tray service: rendering no tray"}
{"level":30,"time":"2022-09-20T08:32:01.815Z","pid":19524,"hostname":"void","msg":"MainSQL: removeKnownAttachments: About to iterate through 0 messages"}
{"level":30,"time":"2022-09-20T08:32:01.816Z","pid":19524,"hostname":"void","msg":"MainSQL: removeKnownAttachments: Done processing 0 messages"}
{"level":30,"time":"2022-09-20T08:32:01.816Z","pid":19524,"hostname":"void","msg":"MainSQL: removeKnownAttachments: About to iterate through 0 conversations"}
{"level":30,"time":"2022-09-20T08:32:01.816Z","pid":19524,"hostname":"void","msg":"MainSQL: removeKnownAttachments: Done processing 0 conversations"}
{"level":30,"time":"2022-09-20T08:32:01.816Z","pid":19524,"hostname":"void","msg":"deleteAll: deleted 0 files"}
{"level":30,"time":"2022-09-20T08:32:01.817Z","pid":19524,"hostname":"void","msg":"deleteAllBadges: deleted 0 files"}
{"level":30,"time":"2022-09-20T08:32:01.818Z","pid":19524,"hostname":"void","msg":"MainSQL: removeKnownStickers: About to iterate through 0 stickers"}
{"level":30,"time":"2022-09-20T08:32:01.818Z","pid":19524,"hostname":"void","msg":"MainSQL: removeKnownStickers: Done processing 0 stickers"}
{"level":30,"time":"2022-09-20T08:32:01.818Z","pid":19524,"hostname":"void","msg":"deleteAllStickers: deleted 0 files"}
{"level":30,"time":"2022-09-20T08:32:01.820Z","pid":19524,"hostname":"void","msg":"MainSQL: removeKnownDraftAttachments: About to iterate through 0 conversations"}
{"level":30,"time":"2022-09-20T08:32:01.820Z","pid":19524,"hostname":"void","msg":"MainSQL: removeKnownDraftAttachments: Done processing 0 conversations"}
{"level":30,"time":"2022-09-20T08:32:01.820Z","pid":19524,"hostname":"void","msg":"deleteAllDraftAttachments: deleted 0 files"}
{"level":30,"time":"2022-09-20T08:32:01.820Z","pid":19524,"hostname":"void","msg":"Begin ensuring permissions"}
{"level":30,"time":"2022-09-20T08:32:01.821Z","pid":19524,"hostname":"void","msg":"sending `database-ready`"}
{"level":30,"time":"2022-09-20T08:32:01.824Z","pid":19524,"hostname":"void","msg":"Updating BrowserWindow config: %s {\"maximized\":false,\"autoHideMenuBar\":false,\"fullscreen\":false,\"width\":1896,\"height\":1011,\"x\":12,\"y\":52}"}
{"level":30,"time":"2022-09-20T08:32:01.824Z","pid":19524,"hostname":"void","msg":"config/set: Saving ephemeral config to disk"}
{"level":30,"time":"2022-09-20T08:32:01.824Z","pid":19524,"hostname":"void","msg":"config/set: Saved ephemeral config to disk"}
{"level":30,"time":"2022-09-20T08:32:01.825Z","pid":19524,"hostname":"void","msg":"Ensuring file permissions for 67 files"}
{"level":50,"time":"2022-09-20T08:32:01.827Z","pid":19524,"hostname":"void","msg":"ensureFilePermissions: Error from chmod ENOENT: no such file or directory, chmod '[REDACTED]/SingletonCookie'"}
{"level":50,"time":"2022-09-20T08:32:01.827Z","pid":19524,"hostname":"void","msg":"ensureFilePermissions: Error from chmod ENOENT: no such file or directory, chmod '[REDACTED]/SingletonLock'"}
{"level":30,"time":"2022-09-20T08:32:01.828Z","pid":19524,"hostname":"void","msg":"Finish ensuring permissions in 8ms"}
{"level":30,"time":"2022-09-20T08:32:01.868Z","pid":19524,"hostname":"void","msg":"Prevent display sleep service: allowing display sleep"}
{"level":30,"time":"2022-09-20T08:32:04.990Z","pid":19524,"hostname":"void","msg":"close event {\"readyForShutdown\":false,\"shouldQuit\":false}"}
{"level":30,"time":"2022-09-20T08:32:04.990Z","pid":19524,"hostname":"void","msg":"System tray service: rendering no tray"}
{"level":30,"time":"2022-09-20T08:32:04.991Z","pid":19524,"hostname":"void","msg":"requestShutdown: Requesting close of mainWindow..."}
{"level":30,"time":"2022-09-20T08:32:04.995Z","pid":19524,"hostname":"void","msg":"requestShutdown: Response received"}
{"level":30,"time":"2022-09-20T08:32:05.012Z","pid":19524,"hostname":"void","msg":"before-quit event {\"readyForShutdown\":true,\"shouldQuit\":false}"}
{"level":30,"time":"2022-09-20T08:32:05.012Z","pid":19524,"hostname":"void","msg":"System tray service: markShouldQuit"}
{"level":30,"time":"2022-09-20T08:32:05.012Z","pid":19524,"hostname":"void","msg":"close event {\"readyForShutdown\":true,\"shouldQuit\":true}"}
{"level":30,"time":"2022-09-20T08:32:05.014Z","pid":19524,"hostname":"void","msg":"System tray service: updating main window. Previously, there was a window, and now there is not"}
{"level":30,"time":"2022-09-20T08:32:05.014Z","pid":19524,"hostname":"void","msg":"System tray service: rendering no tray"}
