[2022-10-17T09:57:40.101Z] Log level: Info
[2022-10-17T09:57:40.102Z] [info] Validating found git in: git
[2022-10-17T09:57:40.137Z] [info] Using git 2.38.0 from git
[2022-10-17T09:57:40.148Z] > git rev-parse --show-toplevel [4ms]
[2022-10-17T09:57:40.154Z] > git rev-parse --git-dir --git-common-dir [1ms]
[2022-10-17T09:57:40.160Z] [info] Open repository: /home/zekvaneren
[2022-10-17T09:57:40.471Z] > git show --textconv :Programming/Codeforces/580C.cpp [4ms]
[2022-10-17T09:57:40.471Z] > git ls-files --stage -- /home/zekvaneren/Programming/Codeforces/580C.cpp [1ms]
[2022-10-17T09:57:40.674Z] > git check-ignore -v -z --stdin [1ms]
[2022-10-17T09:57:46.691Z] > git status -z -uall [6525ms]
[2022-10-17T09:57:56.956Z] > git symbolic-ref --short HEAD [0ms]
[2022-10-17T09:57:56.968Z] > git for-each-ref --format=%(refname)%00%(upstream:short)%00%(objectname)%00%(upstream:track)%00%(upstream:remotename)%00%(upstream:remoteref) refs/heads/master refs/remotes/master [8ms]
[2022-10-17T09:57:56.973Z] > git remote --verbose [0ms]
[2022-10-17T09:57:56.974Z] > git for-each-ref --sort -committerdate --format %(refname) %(objectname) %(*objectname) [4ms]
[2022-10-17T09:57:57.053Z] > git config --get commit.template [1ms]
[2022-10-17T09:57:58.251Z] > git status -z -uall [1193ms]
[2022-10-17T09:57:58.251Z] > git symbolic-ref --short HEAD [1ms]
[2022-10-17T09:57:58.255Z] > git for-each-ref --format=%(refname)%00%(upstream:short)%00%(objectname)%00%(upstream:track)%00%(upstream:remotename)%00%(upstream:remoteref) refs/heads/master refs/remotes/master [1ms]
[2022-10-17T09:57:58.262Z] > git for-each-ref --sort -committerdate --format %(refname) %(objectname) %(*objectname) [4ms]
[2022-10-17T09:57:58.262Z] > git remote --verbose [0ms]
[2022-10-17T09:57:58.325Z] > git config --get commit.template [4ms]
