2022-11-12 18:31:26.767 [info] Extension host with pid 19032 started
2022-11-12 18:31:26.767 [info] Skipping acquiring lock for /home/zekvaneren/.config/Code - OSS/User/workspaceStorage/a31c3c44fe20e60b5449bb8922b9177b.
2022-11-12 18:31:28.693 [info] ExtensionService#_doActivateExtension ms-vscode.cpptools, startup: false, activationEvent: 'onLanguage:cpp'
2022-11-12 18:31:28.696 [info] ExtensionService#_doActivateExtension vscode.git-base, startup: true, activationEvent: '*'
2022-11-12 18:31:28.696 [info] ExtensionService#_doActivateExtension skacekachna.win-opacity, startup: true, activationEvent: '*'
2022-11-12 18:31:29.305 [error] Activating extension skacekachna.win-opacity failed due to an error:
2022-11-12 18:31:29.305 [error] Error: /home/zekvaneren/.vscode-oss/extensions/skacekachna.win-opacity-1.1.5/node_modules/ffi-napi/build/Release/ffi_bindings.node: invalid ELF header
	at process.func [as dlopen] (node:electron/js2c/asar_bundle:5:1812)
	at Module._extensions..node (node:internal/modules/cjs/loader:1203:18)
	at Object.func [as .node] (node:electron/js2c/asar_bundle:5:1812)
	at Module.load (node:internal/modules/cjs/loader:988:32)
	at Module._load (node:internal/modules/cjs/loader:829:12)
	at c._load (node:electron/js2c/asar_bundle:5:13343)
	at a._load (/usr/lib/code-oss/resources/app/out/vs/workbench/api/node/extensionHostProcess.js:118:14563)
	at v._load (/usr/lib/code-oss/resources/app/out/vs/workbench/api/node/extensionHostProcess.js:113:64900)
	at w._load (/usr/lib/code-oss/resources/app/out/vs/workbench/api/node/extensionHostProcess.js:113:64268)
	at Module.require (node:internal/modules/cjs/loader:1012:19)
	at require (node:internal/modules/cjs/helpers:102:18)
	at load (/home/zekvaneren/.vscode-oss/extensions/skacekachna.win-opacity-1.1.5/node_modules/node-gyp-build/index.js:21:10)
	at Object.<anonymous> (/home/zekvaneren/.vscode-oss/extensions/skacekachna.win-opacity-1.1.5/node_modules/ffi-napi/lib/bindings.js:8:43)
	at Module._compile (node:internal/modules/cjs/loader:1118:14)
	at Module._extensions..js (node:internal/modules/cjs/loader:1173:10)
	at Module.load (node:internal/modules/cjs/loader:988:32)
	at Module._load (node:internal/modules/cjs/loader:829:12)
	at c._load (node:electron/js2c/asar_bundle:5:13343)
	at a._load (/usr/lib/code-oss/resources/app/out/vs/workbench/api/node/extensionHostProcess.js:118:14563)
	at v._load (/usr/lib/code-oss/resources/app/out/vs/workbench/api/node/extensionHostProcess.js:113:64900)
	at w._load (/usr/lib/code-oss/resources/app/out/vs/workbench/api/node/extensionHostProcess.js:113:64268)
	at Module.require (node:internal/modules/cjs/loader:1012:19)
	at require (node:internal/modules/cjs/helpers:102:18)
	at Object.<anonymous> (/home/zekvaneren/.vscode-oss/extensions/skacekachna.win-opacity-1.1.5/node_modules/ffi-napi/lib/ffi.js:11:18)
	at Module._compile (node:internal/modules/cjs/loader:1118:14)
	at Module._extensions..js (node:internal/modules/cjs/loader:1173:10)
	at Module.load (node:internal/modules/cjs/loader:988:32)
	at Module._load (node:internal/modules/cjs/loader:829:12)
	at c._load (node:electron/js2c/asar_bundle:5:13343)
	at a._load (/usr/lib/code-oss/resources/app/out/vs/workbench/api/node/extensionHostProcess.js:118:14563)
	at v._load (/usr/lib/code-oss/resources/app/out/vs/workbench/api/node/extensionHostProcess.js:113:64900)
	at w._load (/usr/lib/code-oss/resources/app/out/vs/workbench/api/node/extensionHostProcess.js:113:64268)
	at Module.require (node:internal/modules/cjs/loader:1012:19)
	at require (node:internal/modules/cjs/helpers:102:18)
	at Object.<anonymous> (/home/zekvaneren/.vscode-oss/extensions/skacekachna.win-opacity-1.1.5/src/native.js:9:13)
	at Module._compile (node:internal/modules/cjs/loader:1118:14)
	at Module._extensions..js (node:internal/modules/cjs/loader:1173:10)
	at Module.load (node:internal/modules/cjs/loader:988:32)
	at Module._load (node:internal/modules/cjs/loader:829:12)
	at c._load (node:electron/js2c/asar_bundle:5:13343)
	at a._load (/usr/lib/code-oss/resources/app/out/vs/workbench/api/node/extensionHostProcess.js:118:14563)
	at v._load (/usr/lib/code-oss/resources/app/out/vs/workbench/api/node/extensionHostProcess.js:113:64900)
	at w._load (/usr/lib/code-oss/resources/app/out/vs/workbench/api/node/extensionHostProcess.js:113:64268)
	at Module.require (node:internal/modules/cjs/loader:1012:19)
	at require (node:internal/modules/cjs/helpers:102:18)
	at Object.<anonymous> (/home/zekvaneren/.vscode-oss/extensions/skacekachna.win-opacity-1.1.5/src/extension.js:2:14)
	at Module._compile (node:internal/modules/cjs/loader:1118:14)
	at Module._extensions..js (node:internal/modules/cjs/loader:1173:10)
	at Module.load (node:internal/modules/cjs/loader:988:32)
	at Module._load (node:internal/modules/cjs/loader:829:12)
	at c._load (node:electron/js2c/asar_bundle:5:13343)
	at a._load (/usr/lib/code-oss/resources/app/out/vs/workbench/api/node/extensionHostProcess.js:118:14563)
	at v._load (/usr/lib/code-oss/resources/app/out/vs/workbench/api/node/extensionHostProcess.js:113:64900)
	at w._load (/usr/lib/code-oss/resources/app/out/vs/workbench/api/node/extensionHostProcess.js:113:64268)
	at Module.require (node:internal/modules/cjs/loader:1012:19)
	at require (node:internal/modules/cjs/helpers:102:18)
	at Function.r [as __$__nodeRequire] (/usr/lib/code-oss/resources/app/out/vs/loader.js:5:101)
	at h._loadCommonJSModule (/usr/lib/code-oss/resources/app/out/vs/workbench/api/node/extensionHostProcess.js:113:66459)
	at process.processTicksAndRejections (node:internal/process/task_queues:96:5)
	at async Promise.all (index 0)
2022-11-12 18:31:29.380 [info] ExtensionService#_doActivateExtension vscode.github, startup: true, activationEvent: '*'
2022-11-12 18:31:29.670 [info] Eager extensions activated
2022-11-12 18:31:29.862 [info] ExtensionService#_doActivateExtension vscode.debug-auto-launch, startup: false, activationEvent: 'onStartupFinished'
2022-11-12 18:31:29.863 [info] ExtensionService#_doActivateExtension vscode.emmet, startup: false, activationEvent: 'onStartupFinished'
2022-11-12 18:31:29.864 [info] ExtensionService#_doActivateExtension vscode.merge-conflict, startup: false, activationEvent: 'onStartupFinished'
2022-11-12 18:31:29.864 [info] ExtensionService#_doActivateExtension PKief.material-icon-theme, startup: false, activationEvent: 'onStartupFinished'
2022-11-12 18:31:42.423 [info] ExtensionService#_doActivateExtension vscode.debug-server-ready, startup: false, activationEvent: 'onDebugResolve'
2022-11-12 19:01:52.910 [info] Extension host terminating: received terminate message from renderer
2022-11-12 19:01:53.051 [info] Extension host with pid 19032 exiting with code 0
