[2022-10-13 13:28:02.730] [exthost] [info] Extension host with pid 23671 started
[2022-10-13 13:28:04.930] [exthost] [info] ExtensionService#_doActivateExtension ms-vscode.cpptools, startup: false, activationEvent: 'onLanguage:cpp'
[2022-10-13 13:28:04.932] [exthost] [info] ExtensionService#_doActivateExtension vscode.debug-auto-launch, startup: true, activationEvent: '*'
[2022-10-13 13:28:04.932] [exthost] [info] ExtensionService#_doActivateExtension vscode.git-base, startup: true, activationEvent: '*', root cause: vscode.git
[2022-10-13 13:28:04.933] [exthost] [info] ExtensionService#_doActivateExtension vscode.ipynb, startup: true, activationEvent: '*'
[2022-10-13 13:28:04.933] [exthost] [info] ExtensionService#_doActivateExtension skacekachna.win-opacity, startup: true, activationEvent: '*'
[2022-10-13 13:28:05.629] [exthost] [error] Activating extension skacekachna.win-opacity failed due to an error:
[2022-10-13 13:28:05.629] [exthost] [error] Error: /home/zekvaneren/.vscode-oss/extensions/skacekachna.win-opacity-1.1.5/node_modules/ffi-napi/build/Release/ffi_bindings.node: invalid ELF header
	at process.func [as dlopen] (node:electron/js2c/asar_bundle:5:1812)
	at Module._extensions..node (node:internal/modules/cjs/loader:1203:18)
	at Object.func [as .node] (node:electron/js2c/asar_bundle:5:1812)
	at Module.load (node:internal/modules/cjs/loader:988:32)
	at Module._load (node:internal/modules/cjs/loader:829:12)
	at c._load (node:electron/js2c/asar_bundle:5:13343)
	at r._load (/usr/lib/code-oss/resources/app/out/vs/workbench/api/node/extensionHostProcess.js:116:14565)
	at v._load (/usr/lib/code-oss/resources/app/out/vs/workbench/api/node/extensionHostProcess.js:111:65015)
	at E._load (/usr/lib/code-oss/resources/app/out/vs/workbench/api/node/extensionHostProcess.js:111:64383)
	at Module.require (node:internal/modules/cjs/loader:1012:19)
	at require (node:internal/modules/cjs/helpers:102:18)
	at load (/home/zekvaneren/.vscode-oss/extensions/skacekachna.win-opacity-1.1.5/node_modules/node-gyp-build/index.js:21:10)
	at Object.<anonymous> (/home/zekvaneren/.vscode-oss/extensions/skacekachna.win-opacity-1.1.5/node_modules/ffi-napi/lib/bindings.js:8:43)
	at Module._compile (node:internal/modules/cjs/loader:1118:14)
	at Module._extensions..js (node:internal/modules/cjs/loader:1173:10)
	at Module.load (node:internal/modules/cjs/loader:988:32)
	at Module._load (node:internal/modules/cjs/loader:829:12)
	at c._load (node:electron/js2c/asar_bundle:5:13343)
	at r._load (/usr/lib/code-oss/resources/app/out/vs/workbench/api/node/extensionHostProcess.js:116:14565)
	at v._load (/usr/lib/code-oss/resources/app/out/vs/workbench/api/node/extensionHostProcess.js:111:65015)
	at E._load (/usr/lib/code-oss/resources/app/out/vs/workbench/api/node/extensionHostProcess.js:111:64383)
	at Module.require (node:internal/modules/cjs/loader:1012:19)
	at require (node:internal/modules/cjs/helpers:102:18)
	at Object.<anonymous> (/home/zekvaneren/.vscode-oss/extensions/skacekachna.win-opacity-1.1.5/node_modules/ffi-napi/lib/ffi.js:11:18)
	at Module._compile (node:internal/modules/cjs/loader:1118:14)
	at Module._extensions..js (node:internal/modules/cjs/loader:1173:10)
	at Module.load (node:internal/modules/cjs/loader:988:32)
	at Module._load (node:internal/modules/cjs/loader:829:12)
	at c._load (node:electron/js2c/asar_bundle:5:13343)
	at r._load (/usr/lib/code-oss/resources/app/out/vs/workbench/api/node/extensionHostProcess.js:116:14565)
	at v._load (/usr/lib/code-oss/resources/app/out/vs/workbench/api/node/extensionHostProcess.js:111:65015)
	at E._load (/usr/lib/code-oss/resources/app/out/vs/workbench/api/node/extensionHostProcess.js:111:64383)
	at Module.require (node:internal/modules/cjs/loader:1012:19)
	at require (node:internal/modules/cjs/helpers:102:18)
	at Object.<anonymous> (/home/zekvaneren/.vscode-oss/extensions/skacekachna.win-opacity-1.1.5/src/native.js:9:13)
	at Module._compile (node:internal/modules/cjs/loader:1118:14)
	at Module._extensions..js (node:internal/modules/cjs/loader:1173:10)
	at Module.load (node:internal/modules/cjs/loader:988:32)
	at Module._load (node:internal/modules/cjs/loader:829:12)
	at c._load (node:electron/js2c/asar_bundle:5:13343)
	at r._load (/usr/lib/code-oss/resources/app/out/vs/workbench/api/node/extensionHostProcess.js:116:14565)
	at v._load (/usr/lib/code-oss/resources/app/out/vs/workbench/api/node/extensionHostProcess.js:111:65015)
	at E._load (/usr/lib/code-oss/resources/app/out/vs/workbench/api/node/extensionHostProcess.js:111:64383)
	at Module.require (node:internal/modules/cjs/loader:1012:19)
	at require (node:internal/modules/cjs/helpers:102:18)
	at Object.<anonymous> (/home/zekvaneren/.vscode-oss/extensions/skacekachna.win-opacity-1.1.5/src/extension.js:2:14)
	at Module._compile (node:internal/modules/cjs/loader:1118:14)
	at Module._extensions..js (node:internal/modules/cjs/loader:1173:10)
	at Module.load (node:internal/modules/cjs/loader:988:32)
	at Module._load (node:internal/modules/cjs/loader:829:12)
	at c._load (node:electron/js2c/asar_bundle:5:13343)
	at r._load (/usr/lib/code-oss/resources/app/out/vs/workbench/api/node/extensionHostProcess.js:116:14565)
	at v._load (/usr/lib/code-oss/resources/app/out/vs/workbench/api/node/extensionHostProcess.js:111:65015)
	at E._load (/usr/lib/code-oss/resources/app/out/vs/workbench/api/node/extensionHostProcess.js:111:64383)
	at Module.require (node:internal/modules/cjs/loader:1012:19)
	at require (node:internal/modules/cjs/helpers:102:18)
	at Function.r [as __$__nodeRequire] (/usr/lib/code-oss/resources/app/out/vs/loader.js:5:101)
	at p._loadCommonJSModule (/usr/lib/code-oss/resources/app/out/vs/workbench/api/node/extensionHostProcess.js:111:66574)
	at process.processTicksAndRejections (node:internal/process/task_queues:96:5)
	at async Promise.all (index 0)
[2022-10-13 13:28:05.972] [exthost] [info] ExtensionService#_doActivateExtension vscode.git, startup: true, activationEvent: '*'
[2022-10-13 13:28:05.973] [exthost] [info] ExtensionService#_doActivateExtension vscode.github, startup: true, activationEvent: '*'
[2022-10-13 13:28:06.592] [exthost] [info] Eager extensions activated
[2022-10-13 13:28:06.660] [exthost] [info] ExtensionService#_doActivateExtension vscode.emmet, startup: false, activationEvent: 'onStartupFinished'
[2022-10-13 13:28:06.661] [exthost] [info] ExtensionService#_doActivateExtension vscode.merge-conflict, startup: false, activationEvent: 'onStartupFinished'
[2022-10-13 13:28:06.661] [exthost] [info] ExtensionService#_doActivateExtension PKief.material-icon-theme, startup: false, activationEvent: 'onStartupFinished'
[2022-10-13 13:28:27.915] [exthost] [info] Extension host terminating: received terminate message from renderer
[2022-10-13 13:28:28.100] [exthost] [error] [ms-vscode.cpptools] provider FAILED
[2022-10-13 13:28:28.100] [exthost] [error] Error: Pending response rejected since connection got disposed
	at Object.dispose (/home/zekvaneren/.vscode-oss/extensions/ms-vscode.cpptools-1.12.4-linux-x64/dist/main.js:53227:27)
	at Object.dispose (/home/zekvaneren/.vscode-oss/extensions/ms-vscode.cpptools-1.12.4-linux-x64/dist/main.js:56788:35)
	at /home/zekvaneren/.vscode-oss/extensions/ms-vscode.cpptools-1.12.4-linux-x64/dist/main.js:56235:28
	at process.processTicksAndRejections (node:internal/process/task_queues:96:5)
[2022-10-13 13:28:28.100] [exthost] [info] Extension host with pid 23671 exiting with code 0
