[2022-10-17 12:57:38.882] [renderer1] [critical] Extension 'ms-vscode.cpptools CANNOT USE these API proposals 'terminalDataWriteEvent'. You MUST start in extension development mode or use the --enable-proposed-api command line flag
[2022-10-17 12:57:40.026] [renderer1] [error] [Extension Host] (node:17573) [DEP0005] DeprecationWarning: Buffer() is deprecated due to security and usability issues. Please use the Buffer.alloc(), Buffer.allocUnsafe(), or Buffer.from() methods instead.
(Use `electron --trace-deprecation ...` to show where the warning was created)
[2022-10-17 12:57:48.925] [renderer1] [error] Error while registering log channel file:///home/zekvaneren/.config/Code%20-%20OSS/logs/20221017T125737/userDataSync.log Timed out while waiting for file to be created
[2022-10-17 12:57:50.032] [renderer1] [error] [File Watcher (parcel)] Unexpected error: inotify_add_watch on '/home/zekvaneren/.config/Code - OSS/logs/20221005T095421/exthost1/output_logging_20221005T095423' failed: No such file or directory (EUNKNOWN) (path: /home/zekvaneren)
[2022-10-17 12:57:50.033] [renderer1] [error] [File Watcher (universal)] restarting watcher after error: inotify_add_watch on '/home/zekvaneren/.config/Code - OSS/logs/20221005T095421/exthost1/output_logging_20221005T095423' failed: No such file or directory
[2022-10-17 12:58:00.347] [renderer1] [critical] Extension 'ms-vscode.cpptools CANNOT USE these API proposals 'terminalDataWriteEvent'. You MUST start in extension development mode or use the --enable-proposed-api command line flag
[2022-10-17 12:58:10.326] [renderer1] [error] Error while registering log channel file:///home/zekvaneren/.config/Code%20-%20OSS/logs/20221017T125737/userDataSync.log Timed out while waiting for file to be created
[2022-10-17 12:58:19.254] [renderer1] [error] Error: File not found
    at g.handleSetInputError (vscode-file://vscode-app/usr/lib/code-oss/resources/app/out/vs/workbench/workbench.desktop.main.js:2741:95786)
    at async g.setInput (vscode-file://vscode-app/usr/lib/code-oss/resources/app/out/vs/workbench/workbench.desktop.main.js:2741:95026)
    at async r.doSetInput (vscode-file://vscode-app/usr/lib/code-oss/resources/app/out/vs/workbench/workbench.desktop.main.js:2739:6429)
    at async r.doOpenEditor (vscode-file://vscode-app/usr/lib/code-oss/resources/app/out/vs/workbench/workbench.desktop.main.js:2739:4791)
    at async r.openEditor (vscode-file://vscode-app/usr/lib/code-oss/resources/app/out/vs/workbench/workbench.desktop.main.js:2739:3783)
    at async vscode-file://vscode-app/usr/lib/code-oss/resources/app/out/vs/workbench/workbench.desktop.main.js:2966:16842
[2022-10-17 12:58:19.371] [renderer1] [critical] Extension 'ms-vscode.cpptools CANNOT USE these API proposals 'terminalDataWriteEvent'. You MUST start in extension development mode or use the --enable-proposed-api command line flag
[2022-10-17 12:58:21.969] [renderer1] [error] Error: File not found
    at g.handleSetInputError (vscode-file://vscode-app/usr/lib/code-oss/resources/app/out/vs/workbench/workbench.desktop.main.js:2741:95786)
    at async g.setInput (vscode-file://vscode-app/usr/lib/code-oss/resources/app/out/vs/workbench/workbench.desktop.main.js:2741:95026)
    at async r.doSetInput (vscode-file://vscode-app/usr/lib/code-oss/resources/app/out/vs/workbench/workbench.desktop.main.js:2739:6429)
    at async r.doOpenEditor (vscode-file://vscode-app/usr/lib/code-oss/resources/app/out/vs/workbench/workbench.desktop.main.js:2739:4791)
    at async r.openEditor (vscode-file://vscode-app/usr/lib/code-oss/resources/app/out/vs/workbench/workbench.desktop.main.js:2739:3783)
    at async vscode-file://vscode-app/usr/lib/code-oss/resources/app/out/vs/workbench/workbench.desktop.main.js:2966:16842
[2022-10-17 12:58:29.360] [renderer1] [error] Error while registering log channel file:///home/zekvaneren/.config/Code%20-%20OSS/logs/20221017T125737/userDataSync.log Timed out while waiting for file to be created
[2022-10-17 12:58:53.905] [renderer1] [error] [Extension Host] (node:19633) [DEP0005] DeprecationWarning: Buffer() is deprecated due to security and usability issues. Please use the Buffer.alloc(), Buffer.allocUnsafe(), or Buffer.from() methods instead.
(Use `electron --trace-deprecation ...` to show where the warning was created)
